[0.444s] DEBUG:colcon:Command line arguments: ['/usr/bin/colcon', 'build']
[0.444s] DEBUG:colcon:Parsed command line arguments: Namespace(log_base=None, log_level=None, verb_name='build', build_base='build', install_base='install', merge_install=False, symlink_install=False, test_result_base=None, continue_on_error=False, executor='parallel', parallel_workers=12, event_handlers=None, ignore_user_meta=False, metas=['./colcon.meta'], base_paths=['.'], packages_ignore=None, packages_ignore_regex=None, paths=None, packages_up_to=None, packages_up_to_regex=None, packages_above=None, packages_above_and_dependencies=None, packages_above_depth=None, packages_select_by_dep=None, packages_skip_by_dep=None, packages_skip_up_to=None, packages_select_build_failed=False, packages_skip_build_finished=False, packages_select_test_failures=False, packages_skip_test_passed=False, packages_select=None, packages_skip=None, packages_select_regex=None, packages_skip_regex=None, packages_start=None, packages_end=None, allow_overriding=[], cmake_args=None, cmake_target=None, cmake_target_skip_unavailable=False, cmake_clean_cache=False, cmake_clean_first=False, cmake_force_configure=False, ament_cmake_args=None, catkin_cmake_args=None, catkin_skip_building_tests=False, mixin_files=None, mixin=None, verb_parser=<colcon_mixin.mixin.mixin_argument.MixinArgumentDecorator object at 0x7ff9350e07c0>, verb_extension=<colcon_core.verb.build.BuildVerb object at 0x7ff9351f16c0>, main=<bound method BuildVerb.main of <colcon_core.verb.build.BuildVerb object at 0x7ff9351f16c0>>, mixin_verb=('build',))
[0.632s] Level 1:colcon.colcon_core.package_discovery:discover_packages(colcon_meta) check parameters
[0.633s] Level 1:colcon.colcon_core.package_discovery:discover_packages(recursive) check parameters
[0.633s] Level 1:colcon.colcon_core.package_discovery:discover_packages(ignore) check parameters
[0.633s] Level 1:colcon.colcon_core.package_discovery:discover_packages(path) check parameters
[0.633s] Level 1:colcon.colcon_core.package_discovery:discover_packages(colcon_meta) discover
[0.633s] Level 1:colcon.colcon_core.package_discovery:discover_packages(recursive) discover
[0.633s] INFO:colcon.colcon_core.package_discovery:Crawling recursively for packages in '/home/kira/office_delivery_robot/src'
[0.633s] Level 1:colcon.colcon_core.package_identification:_identify(.) by extensions ['ignore', 'ignore_ament_install']
[0.633s] Level 1:colcon.colcon_core.package_identification:_identify(.) by extension 'ignore'
[0.633s] Level 1:colcon.colcon_core.package_identification:_identify(.) by extension 'ignore_ament_install'
[0.634s] Level 1:colcon.colcon_core.package_identification:_identify(.) by extensions ['colcon_pkg']
[0.634s] Level 1:colcon.colcon_core.package_identification:_identify(.) by extension 'colcon_pkg'
[0.634s] Level 1:colcon.colcon_core.package_identification:_identify(.) by extensions ['colcon_meta']
[0.634s] Level 1:colcon.colcon_core.package_identification:_identify(.) by extension 'colcon_meta'
[0.634s] Level 1:colcon.colcon_core.package_identification:_identify(.) by extensions ['ros']
[0.634s] Level 1:colcon.colcon_core.package_identification:_identify(.) by extension 'ros'
[0.650s] Level 1:colcon.colcon_core.package_identification:_identify(.) by extensions ['cmake', 'python']
[0.650s] Level 1:colcon.colcon_core.package_identification:_identify(.) by extension 'cmake'
[0.650s] Level 1:colcon.colcon_core.package_identification:_identify(.) by extension 'python'
[0.650s] Level 1:colcon.colcon_core.package_identification:_identify(.) by extensions ['python_setup_py']
[0.650s] Level 1:colcon.colcon_core.package_identification:_identify(.) by extension 'python_setup_py'
[0.650s] Level 1:colcon.colcon_core.package_identification:_identify(build) by extensions ['ignore', 'ignore_ament_install']
[0.650s] Level 1:colcon.colcon_core.package_identification:_identify(build) by extension 'ignore'
[0.651s] Level 1:colcon.colcon_core.package_identification:_identify(build) ignored
[0.651s] Level 1:colcon.colcon_core.package_identification:_identify(install) by extensions ['ignore', 'ignore_ament_install']
[0.651s] Level 1:colcon.colcon_core.package_identification:_identify(install) by extension 'ignore'
[0.651s] Level 1:colcon.colcon_core.package_identification:_identify(install) ignored
[0.651s] Level 1:colcon.colcon_core.package_identification:_identify(log) by extensions ['ignore', 'ignore_ament_install']
[0.651s] Level 1:colcon.colcon_core.package_identification:_identify(log) by extension 'ignore'
[0.651s] Level 1:colcon.colcon_core.package_identification:_identify(log) ignored
[0.651s] Level 1:colcon.colcon_core.package_identification:_identify(office_world) by extensions ['ignore', 'ignore_ament_install']
[0.651s] Level 1:colcon.colcon_core.package_identification:_identify(office_world) by extension 'ignore'
[0.651s] Level 1:colcon.colcon_core.package_identification:_identify(office_world) by extension 'ignore_ament_install'
[0.651s] Level 1:colcon.colcon_core.package_identification:_identify(office_world) by extensions ['colcon_pkg']
[0.651s] Level 1:colcon.colcon_core.package_identification:_identify(office_world) by extension 'colcon_pkg'
[0.652s] Level 1:colcon.colcon_core.package_identification:_identify(office_world) by extensions ['colcon_meta']
[0.652s] Level 1:colcon.colcon_core.package_identification:_identify(office_world) by extension 'colcon_meta'
[0.652s] Level 1:colcon.colcon_core.package_identification:_identify(office_world) by extensions ['ros']
[0.652s] Level 1:colcon.colcon_core.package_identification:_identify(office_world) by extension 'ros'
[0.655s] DEBUG:colcon.colcon_core.package_identification:Package 'office_world' with type 'ros.ament_python' and name 'office_world'
[0.655s] Level 1:colcon.colcon_core.package_discovery:discover_packages(recursive) using defaults
[0.655s] Level 1:colcon.colcon_core.package_discovery:discover_packages(ignore) discover
[0.655s] Level 1:colcon.colcon_core.package_discovery:discover_packages(ignore) using defaults
[0.655s] Level 1:colcon.colcon_core.package_discovery:discover_packages(path) discover
[0.655s] Level 1:colcon.colcon_core.package_discovery:discover_packages(path) using defaults
[0.694s] Level 1:colcon.colcon_core.package_discovery:discover_packages(prefix_path) check parameters
[0.694s] Level 1:colcon.colcon_core.package_discovery:discover_packages(prefix_path) discover
[0.696s] DEBUG:colcon.colcon_installed_package_information.package_discovery:Found 323 installed packages in /opt/ros/humble
[0.698s] Level 1:colcon.colcon_core.package_discovery:discover_packages(prefix_path) using defaults
[0.745s] Level 5:colcon.colcon_core.verb:set package 'office_world' build argument 'cmake_args' from command line to 'None'
[0.745s] Level 5:colcon.colcon_core.verb:set package 'office_world' build argument 'cmake_target' from command line to 'None'
[0.745s] Level 5:colcon.colcon_core.verb:set package 'office_world' build argument 'cmake_target_skip_unavailable' from command line to 'False'
[0.745s] Level 5:colcon.colcon_core.verb:set package 'office_world' build argument 'cmake_clean_cache' from command line to 'False'
[0.745s] Level 5:colcon.colcon_core.verb:set package 'office_world' build argument 'cmake_clean_first' from command line to 'False'
[0.745s] Level 5:colcon.colcon_core.verb:set package 'office_world' build argument 'cmake_force_configure' from command line to 'False'
[0.745s] Level 5:colcon.colcon_core.verb:set package 'office_world' build argument 'ament_cmake_args' from command line to 'None'
[0.745s] Level 5:colcon.colcon_core.verb:set package 'office_world' build argument 'catkin_cmake_args' from command line to 'None'
[0.745s] Level 5:colcon.colcon_core.verb:set package 'office_world' build argument 'catkin_skip_building_tests' from command line to 'False'
[0.745s] DEBUG:colcon.colcon_core.verb:Building package 'office_world' with the following arguments: {'ament_cmake_args': None, 'build_base': '/home/kira/office_delivery_robot/src/build/office_world', 'catkin_cmake_args': None, 'catkin_skip_building_tests': False, 'cmake_args': None, 'cmake_clean_cache': False, 'cmake_clean_first': False, 'cmake_force_configure': False, 'cmake_target': None, 'cmake_target_skip_unavailable': False, 'install_base': '/home/kira/office_delivery_robot/src/install/office_world', 'merge_install': False, 'path': '/home/kira/office_delivery_robot/src/office_world', 'symlink_install': False, 'test_result_base': None}
[0.746s] INFO:colcon.colcon_core.executor:Executing jobs using 'parallel' executor
[0.747s] DEBUG:colcon.colcon_parallel_executor.executor.parallel:run_until_complete
[0.747s] INFO:colcon.colcon_ros.task.ament_python.build:Building ROS package in '/home/kira/office_delivery_robot/src/office_world' with build type 'ament_python'
[0.747s] Level 1:colcon.colcon_core.shell:create_environment_hook('office_world', 'ament_prefix_path')
[0.750s] INFO:colcon.colcon_core.plugin_system:Skipping extension 'colcon_core.shell.bat': Not used on non-Windows systems
[0.751s] INFO:colcon.colcon_core.shell:Creating environment hook '/home/kira/office_delivery_robot/src/install/office_world/share/office_world/hook/ament_prefix_path.ps1'
[0.755s] INFO:colcon.colcon_core.shell:Creating environment descriptor '/home/kira/office_delivery_robot/src/install/office_world/share/office_world/hook/ament_prefix_path.dsv'
[0.755s] INFO:colcon.colcon_core.shell:Creating environment hook '/home/kira/office_delivery_robot/src/install/office_world/share/office_world/hook/ament_prefix_path.sh'
[0.756s] INFO:colcon.colcon_core.shell:Skip shell extension 'powershell' for command environment: Not usable outside of PowerShell
[0.756s] DEBUG:colcon.colcon_core.shell:Skip shell extension 'dsv' for command environment
[1.048s] INFO:colcon.colcon_core.task.python.build:Building Python package in '/home/kira/office_delivery_robot/src/office_world'
[1.049s] INFO:colcon.colcon_core.shell:Skip shell extension 'powershell' for command environment: Not usable outside of PowerShell
[1.049s] DEBUG:colcon.colcon_core.shell:Skip shell extension 'dsv' for command environment
[1.435s] DEBUG:colcon.colcon_core.event_handler.log_command:Invoking command in '/home/kira/office_delivery_robot/src/office_world': PYTHONPATH=/home/kira/office_delivery_robot/src/build/office_world/prefix_override:/usr/lib/python3/dist-packages/colcon_core/task/python/colcon_distutils_commands:/home/kira/office_delivery_robot/src/install/office_world/lib/python3.10/site-packages:${PYTHONPATH} /usr/bin/python3 -W ignore:setup.py install is deprecated -W ignore:easy_install command is deprecated setup.py egg_info --egg-base ../build/office_world build --build-base /home/kira/office_delivery_robot/src/build/office_world/build install --record /home/kira/office_delivery_robot/src/build/office_world/install.log --single-version-externally-managed install_data
[4.208s] DEBUG:colcon.colcon_core.event_handler.log_command:Invoked command in '/home/kira/office_delivery_robot/src/office_world' returned '0': PYTHONPATH=/home/kira/office_delivery_robot/src/build/office_world/prefix_override:/usr/lib/python3/dist-packages/colcon_core/task/python/colcon_distutils_commands:/home/kira/office_delivery_robot/src/install/office_world/lib/python3.10/site-packages:${PYTHONPATH} /usr/bin/python3 -W ignore:setup.py install is deprecated -W ignore:easy_install command is deprecated setup.py egg_info --egg-base ../build/office_world build --build-base /home/kira/office_delivery_robot/src/build/office_world/build install --record /home/kira/office_delivery_robot/src/build/office_world/install.log --single-version-externally-managed install_data
[4.211s] Level 1:colcon.colcon_core.environment:checking '/home/kira/office_delivery_robot/src/install/office_world' for CMake module files
[4.211s] Level 1:colcon.colcon_core.environment:checking '/home/kira/office_delivery_robot/src/install/office_world' for CMake config files
[4.220s] Level 1:colcon.colcon_core.environment:checking '/home/kira/office_delivery_robot/src/install/office_world/lib'
[4.220s] Level 1:colcon.colcon_core.environment:checking '/home/kira/office_delivery_robot/src/install/office_world/bin'
[4.220s] Level 1:colcon.colcon_core.environment:checking '/home/kira/office_delivery_robot/src/install/office_world/lib/pkgconfig/office_world.pc'
[4.221s] Level 1:colcon.colcon_core.environment:checking '/home/kira/office_delivery_robot/src/install/office_world/lib/python3.10/site-packages'
[4.221s] Level 1:colcon.colcon_core.shell:create_environment_hook('office_world', 'pythonpath')
[4.221s] INFO:colcon.colcon_core.shell:Creating environment hook '/home/kira/office_delivery_robot/src/install/office_world/share/office_world/hook/pythonpath.ps1'
[4.221s] INFO:colcon.colcon_core.shell:Creating environment descriptor '/home/kira/office_delivery_robot/src/install/office_world/share/office_world/hook/pythonpath.dsv'
[4.222s] INFO:colcon.colcon_core.shell:Creating environment hook '/home/kira/office_delivery_robot/src/install/office_world/share/office_world/hook/pythonpath.sh'
[4.222s] Level 1:colcon.colcon_core.environment:checking '/home/kira/office_delivery_robot/src/install/office_world/bin'
[4.222s] Level 1:colcon.colcon_core.environment:create_environment_scripts_only(office_world)
[4.223s] INFO:colcon.colcon_core.shell:Creating package script '/home/kira/office_delivery_robot/src/install/office_world/share/office_world/package.ps1'
[4.223s] INFO:colcon.colcon_core.shell:Creating package descriptor '/home/kira/office_delivery_robot/src/install/office_world/share/office_world/package.dsv'
[4.224s] INFO:colcon.colcon_core.shell:Creating package script '/home/kira/office_delivery_robot/src/install/office_world/share/office_world/package.sh'
[4.224s] INFO:colcon.colcon_core.shell:Creating package script '/home/kira/office_delivery_robot/src/install/office_world/share/office_world/package.bash'
[4.225s] INFO:colcon.colcon_core.shell:Creating package script '/home/kira/office_delivery_robot/src/install/office_world/share/office_world/package.zsh'
[4.225s] Level 1:colcon.colcon_core.environment:create_file_with_runtime_dependencies(/home/kira/office_delivery_robot/src/install/office_world/share/colcon-core/packages/office_world)
[4.226s] DEBUG:colcon.colcon_parallel_executor.executor.parallel:closing loop
[4.227s] DEBUG:colcon.colcon_parallel_executor.executor.parallel:loop closed
[4.227s] DEBUG:colcon.colcon_parallel_executor.executor.parallel:run_until_complete finished with '0'
[4.227s] DEBUG:colcon.colcon_core.event_reactor:joining thread
[4.370s] INFO:colcon.colcon_core.plugin_system:Skipping extension 'colcon_notification.desktop_notification.notify_send': Could not find 'notify-send'
[4.370s] INFO:colcon.colcon_core.plugin_system:Skipping extension 'colcon_notification.desktop_notification.terminal_notifier': Not used on non-Darwin systems
[4.370s] INFO:colcon.colcon_core.plugin_system:Skipping extension 'colcon_notification.desktop_notification.win32': Not used on non-Windows systems
[4.370s] INFO:colcon.colcon_notification.desktop_notification:Sending desktop notification using 'notify2'
[4.370s] DEBUG:colcon.colcon_notification.desktop_notification.notify2:Failed to initialize notify2: org.freedesktop.DBus.Error.FileNotFound: Failed to connect to socket /run/user/1000/bus: No such file or directory
[4.370s] DEBUG:colcon.colcon_core.event_reactor:joined thread
[4.371s] INFO:colcon.colcon_core.shell:Creating prefix script '/home/kira/office_delivery_robot/src/install/local_setup.ps1'
[4.372s] INFO:colcon.colcon_core.shell:Creating prefix util module '/home/kira/office_delivery_robot/src/install/_local_setup_util_ps1.py'
[4.373s] INFO:colcon.colcon_core.shell:Creating prefix chain script '/home/kira/office_delivery_robot/src/install/setup.ps1'
[4.374s] INFO:colcon.colcon_core.shell:Creating prefix script '/home/kira/office_delivery_robot/src/install/local_setup.sh'
[4.374s] INFO:colcon.colcon_core.shell:Creating prefix util module '/home/kira/office_delivery_robot/src/install/_local_setup_util_sh.py'
[4.375s] INFO:colcon.colcon_core.shell:Creating prefix chain script '/home/kira/office_delivery_robot/src/install/setup.sh'
[4.375s] INFO:colcon.colcon_core.shell:Creating prefix script '/home/kira/office_delivery_robot/src/install/local_setup.bash'
[4.376s] INFO:colcon.colcon_core.shell:Creating prefix chain script '/home/kira/office_delivery_robot/src/install/setup.bash'
[4.376s] INFO:colcon.colcon_core.shell:Creating prefix script '/home/kira/office_delivery_robot/src/install/local_setup.zsh'
[4.377s] INFO:colcon.colcon_core.shell:Creating prefix chain script '/home/kira/office_delivery_robot/src/install/setup.zsh'
